<?xml version="1.0" encoding="UTF-8"?>
<!-- Generated by org.testng.reporters.JUnitReportReporter -->
<testsuite hostname="DESKTOP-OM0RPCI" failures="0" tests="1" name="hrm.com.testscripts.TC004" time="11.599" errors="0" timestamp="2022-04-24T11:30:55 IST" skipped="0">
  <testcase classname="hrm.com.testscripts.TC004" name="verifyHRMLogin" time="11.599"/>
  <system-out>
HRM Login method started execution. HRM Login button clicked. HRM Login method executed successfully  </system-out>
</testsuite> <!-- hrm.com.testscripts.TC004 -->
