<?xml version="1.0" encoding="UTF-8"?>
<!-- Generated by org.testng.reporters.JUnitReportReporter -->
<testsuite hostname="DESKTOP-OM0RPCI" failures="0" tests="1" name="hrm.com.testscripts.TC005" time="11.933" errors="0" timestamp="2022-04-24T11:30:55 IST" skipped="0">
  <testcase classname="hrm.com.testscripts.TC005" name="verifyAddEmployee" time="11.933"/>
  <system-out>
Add employee method started execution Add employee save button clicked Employee Added successfully...  </system-out>
</testsuite> <!-- hrm.com.testscripts.TC005 -->
