<?xml version="1.0" encoding="UTF-8"?>
<!-- Generated by org.testng.reporters.JUnitReportReporter -->
<testsuite hostname="DESKTOP-OM0RPCI" failures="0" tests="1" name="hrm.com.testscripts.TC002softAssert" time="47.946" errors="0" timestamp="2022-04-24T11:30:56 IST" skipped="0">
  <testcase classname="hrm.com.testscripts.TC002softAssert" name="verifyHRMLogin" time="47.946"/>
  <system-out>
HRM Login method started execution. HRM Login button clicked. HRM Login method executed successfully  </system-out>
</testsuite> <!-- hrm.com.testscripts.TC002softAssert -->
